
  [32m[1mVITE[22m v5.4.21[39m  [2mready in [0m[1m725[22m[2m[0m ms[22m

  [32m➜[39m  [1mLocal[22m:   [36mhttp://localhost:[1m5173[22m/[39m
  [32m➜[39m  [1mNetwork[22m: [36mhttp://192.168.29.121:[1m5173[22m/[39m
[2m5:10:11 pm[22m [36m[1m[vite][22m[39m [32mhmr update [39m[2m/src/index.css, /src/pages/HomePage.jsx[22m
[2m5:10:33 pm[22m [36m[1m[vite][22m[39m [32mpage reload [39m[2msrc/components/home/DealsSection.jsx[22m
[2m5:10:48 pm[22m [36m[1m[vite][22m[39m [32mhmr update [39m[2m/src/pages/HomePage.jsx, /src/index.css[22m
[2m5:13:18 pm[22m [36m[1m[vite][22m[39m [32mhmr update [39m[2m/src/App.jsx, /src/index.css[22m
[2m5:13:24 pm[22m [36m[1m[vite][22m[39m [32mhmr update [39m[2m/src/pages/HisaabPage.jsx, /src/index.css[22m
[2m5:14:17 pm[22m [36m[1m[vite][22m[39m [32mhmr update [39m[2m/src/components/home/DealsSection.jsx, /src/index.css[22m
[2m5:14:22 pm[22m [36m[1m[vite][22m[39m [32mhmr update [39m[2m/src/pages/ProductDetailPage.jsx, /src/index.css[22m
[2m5:14:27 pm[22m [36m[1m[vite][22m[39m [32mhmr update [39m[2m/src/pages/ProductDetailPage.jsx, /src/index.css[22m
[2m5:14:44 pm[22m [36m[1m[vite][22m[39m [32mhmr update [39m[2m/src/pages/ProductDetailPage.jsx, /src/index.css[22m
[2m5:15:08 pm[22m [36m[1m[vite][22m[39m [32mhmr update [39m[2m/src/pages/ProductDetailPage.jsx, /src/index.css[22m
[2m5:15:20 pm[22m [36m[1m[vite][22m[39m [32mhmr update [39m[2m/src/index.css[22m
[2m5:15:28 pm[22m [36m[1m[vite][22m[39m [32mhmr update [39m[2m/src/pages/ProductListingPage.jsx, /src/index.css[22m
[2m5:16:07 pm[22m [36m[1m[vite][22m[39m [32mhmr update [39m[2m/src/pages/ProductListingPage.jsx, /src/index.css[22m
[2m6:22:41 pm[22m [36m[1m[vite][22m[39m [32mhmr update [39m[2m/src/components/home/HeroCarousel.jsx, /src/index.css[22m
[2m6:22:51 pm[22m [36m[1m[vite][22m[39m [32mhmr update [39m[2m/src/components/home/CategoryGrid.jsx, /src/index.css[22m
[2m6:23:13 pm[22m [36m[1m[vite][22m[39m [32mhmr update [39m[2m/src/components/common/ProductCard.jsx, /src/index.css[22m
[2m6:23:37 pm[22m [36m[1m[vite][22m[39m [32mhmr update [39m[2m/src/components/home/DealsSection.jsx, /src/index.css[22m
[2m6:24:22 pm[22m [36m[1m[vite][22m[39m [32mhmr update [39m[2m/src/components/layout/Header.jsx, /src/index.css[22m
[2m6:24:55 pm[22m [36m[1m[vite][22m[39m [32mhmr update [39m[2m/src/pages/HomePage.jsx, /src/index.css[22m
[2m6:25:04 pm[22m [36m[1m[vite][22m[39m [32mhmr update [39m[2m/src/pages/ProductListingPage.jsx, /src/index.css[22m
[2m6:25:14 pm[22m [36m[1m[vite][22m[39m [32mhmr update [39m[2m/src/pages/ProductListingPage.jsx, /src/index.css[22m
[2m6:25:22 pm[22m [36m[1m[vite][22m[39m [32mhmr update [39m[2m/src/pages/ProductListingPage.jsx, /src/index.css[22m
[2m6:25:30 pm[22m [36m[1m[vite][22m[39m [32mhmr update [39m[2m/src/pages/ProductListingPage.jsx, /src/index.css[22m
[2m6:25:33 pm[22m [36m[1m[vite][22m[39m [32mhmr update [39m[2m/src/pages/ProductListingPage.jsx, /src/index.css[22m
[2m6:47:47 pm[22m [36m[1m[vite][22m[39m [32mhmr update [39m[2m/src/components/layout/Header.jsx, /src/index.css[22m
[2m6:49:10 pm[22m [36m[1m[vite][22m[39m [32mhmr update [39m[2m/src/pages/ProductDetailPage.jsx, /src/index.css[22m
[2m6:49:26 pm[22m [36m[1m[vite][22m[39m [32mhmr update [39m[2m/src/pages/ProductDetailPage.jsx, /src/index.css[22m
[2m6:49:39 pm[22m [36m[1m[vite][22m[39m [32mhmr update [39m[2m/src/pages/ProductDetailPage.jsx, /src/index.css[22m
[2m6:49:58 pm[22m [36m[1m[vite][22m[39m [32mhmr update [39m[2m/src/pages/ProductDetailPage.jsx, /src/index.css[22m
[2m6:50:02 pm[22m [36m[1m[vite][22m[39m [32mhmr update [39m[2m/src/components/common/ProductCard.jsx, /src/index.css[22m
[2m6:50:17 pm[22m [36m[1m[vite][22m[39m [32mhmr update [39m[2m/src/components/common/ProductCard.jsx, /src/index.css[22m
[2m6:50:30 pm[22m [36m[1m[vite][22m[39m [32mhmr update [39m[2m/src/components/common/ProductCard.jsx, /src/index.css[22m
[2m6:50:42 pm[22m [36m[1m[vite][22m[39m [32mhmr update [39m[2m/src/App.jsx, /src/index.css[22m
[2m6:56:13 pm[22m [36m[1m[vite][22m[39m [32mhmr update [39m[2m/src/index.css, /src/pages/HomePage.jsx, /src/pages/ProductDetailPage.jsx, /src/pages/ProductListingPage.jsx, /src/pages/ProfilePage.jsx, /src/components/common/AuthModal.jsx, /src/pages/CartPage.jsx, /src/pages/DashboardPage.jsx, /src/pages/OrderHistoryPage.jsx, /src/components/cart/CheckoutSelector.jsx, /src/pages/HisaabPage.jsx[22m
[2m6:56:20 pm[22m [36m[1m[vite][22m[39m [32mhmr update [39m[2m/src/pages/ProfilePage.jsx, /src/index.css[22m
[2m8:05:41 pm[22m [36m[1m[vite][22m[39m [32mhmr update [39m[2m/src/index.css, /src/pages/CartPage.jsx, /src/pages/DashboardPage.jsx, /src/pages/OrderHistoryPage.jsx, /src/components/cart/CheckoutSelector.jsx, /src/pages/HisaabPage.jsx[22m
[2m8:09:35 pm[22m [36m[1m[vite][22m[39m [32mhmr update [39m[2m/src/App.jsx, /src/index.css[22m
[2m8:09:39 pm[22m [36m[1m[vite][22m[39m [32mhmr update [39m[2m/src/App.jsx, /src/index.css[22m
[2m8:09:46 pm[22m [36m[1m[vite][22m[39m [32mhmr update [39m[2m/src/pages/DashboardPage.jsx, /src/index.css[22m
[2m8:09:49 pm[22m [36m[1m[vite][22m[39m [32mhmr update [39m[2m/src/pages/DashboardPage.jsx, /src/index.css[22m
[2m8:09:56 pm[22m [36m[1m[vite][22m[39m [32mhmr update [39m[2m/src/pages/DashboardPage.jsx, /src/index.css[22m
[2m8:10:01 pm[22m [36m[1m[vite][22m[39m [32mhmr update [39m[2m/src/pages/DashboardPage.jsx, /src/index.css[22m
[2m8:26:24 pm[22m [36m[1m[vite][22m[39m [32mhmr update [39m[2m/src/pages/AdminOrdersPage.jsx, /src/index.css[22m
[2m8:27:29 pm[22m [36m[1m[vite][22m[39m [32mhmr update [39m[2m/src/App.jsx, /src/index.css[22m

D:\Milan\store\frontend>